cd C:\Users\User Asus\Documents\NetBeansProjects\ApKilometerperjam; "JAVA_HOME=C:\\Program Files\\Java\\jdk-15.0.2" cmd /c "\"C:\\Program Files\\NetBeans-12.5\\netbeans\\java\\maven\\bin\\mvn.cmd\" -Dexec.vmArgs= \"-Dexec.args=${exec.vmArgs} -classpath %classpath ${exec.mainClass} ${exec.appArgs}\" -Dexec.appArgs= -Dexec.mainClass=TugasAppkilometer \"-Dexec.executable=C:\\Program Files\\Java\\jdk-15.0.2\\bin\\java.exe\" \"-Dmaven.ext.class.path=C:\\Program Files\\NetBeans-12.5\\netbeans\\java\\maven-nblib\\netbeans-eventspy.jar\" -Dfile.encoding=UTF-8 org.codehaus.mojo:exec-maven-plugin:3.0.0:exec"
Running NetBeans Compile On Save execution. Phase execution is skipped and output directories of dependency projects (with Compile on Save turned on) will be used instead of their jar artifacts.
Scanning for projects...

-----------------< ac.id.umtas.pti:ApKilometerperjam >------------------
Building ApKilometerperjam 1.0-SNAPSHOT
--------------------------------[ jar ]---------------------------------

--- exec-maven-plugin:3.0.0:exec (default-cli) @ ApKilometerperjam ---
Exception in thread "main" java.lang.ExceptionInInitializerError
Caused by: java.lang.RuntimeException: Uncompilable code - <identifier> expected
	at TugasAppkilometer.<clinit>(TugasAppkilometer.java)
Command execution failed.
org.apache.commons.exec.ExecuteException: Process exited with an error: 1 (Exit value: 1)
    at org.apache.commons.exec.DefaultExecutor.executeInternal (DefaultExecutor.java:404)
    at org.apache.commons.exec.DefaultExecutor.execute (DefaultExecutor.java:166)
    at org.codehaus.mojo.exec.ExecMojo.executeCommandLine (ExecMojo.java:982)
    at org.codehaus.mojo.exec.ExecMojo.executeCommandLine (ExecMojo.java:929)
    at org.codehaus.mojo.exec.ExecMojo.execute (ExecMojo.java:457)
    at org.apache.maven.plugin.DefaultBuildPluginManager.executeMojo (DefaultBuildPluginManager.java:137)
    at org.apache.maven.lifecycle.internal.MojoExecutor.execute (MojoExecutor.java:210)
    at org.apache.maven.lifecycle.internal.MojoExecutor.execute (MojoExecutor.java:156)
    at org.apache.maven.lifecycle.internal.MojoExecutor.execute (MojoExecutor.java:148)
    at org.apache.maven.lifecycle.internal.LifecycleModuleBuilder.buildProject (LifecycleModuleBuilder.java:117)
    at org.apache.maven.lifecycle.internal.LifecycleModuleBuilder.buildProject (LifecycleModuleBuilder.java:81)
    at org.apache.maven.lifecycle.internal.builder.singlethreaded.SingleThreadedBuilder.build (SingleThreadedBuilder.java:56)
    at org.apache.maven.lifecycle.internal.LifecycleStarter.execute (LifecycleStarter.java:128)
    at org.apache.maven.DefaultMaven.doExecute (DefaultMaven.java:305)
    at org.apache.maven.DefaultMaven.doExecute (DefaultMaven.java:192)
    at org.apache.maven.DefaultMaven.execute (DefaultMaven.java:105)
    at org.apache.maven.cli.MavenCli.execute (MavenCli.java:957)
    at org.apache.maven.cli.MavenCli.doMain (MavenCli.java:289)
    at org.apache.maven.cli.MavenCli.main (MavenCli.java:193)
    at jdk.internal.reflect.NativeMethodAccessorImpl.invoke0 (Native Method)
    at jdk.internal.reflect.NativeMethodAccessorImpl.invoke (NativeMethodAccessorImpl.java:64)
    at jdk.internal.reflect.DelegatingMethodAccessorImpl.invoke (DelegatingMethodAccessorImpl.java:43)
    at java.lang.reflect.Method.invoke (Method.java:564)
    at org.codehaus.plexus.classworlds.launcher.Launcher.launchEnhanced (Launcher.java:282)
    at org.codehaus.plexus.classworlds.launcher.Launcher.launch (Launcher.java:225)
    at org.codehaus.plexus.classworlds.launcher.Launcher.mainWithExitCode (Launcher.java:406)
    at org.codehaus.plexus.classworlds.launcher.Launcher.main (Launcher.java:347)
------------------------------------------------------------------------
BUILD FAILURE
------------------------------------------------------------------------
Total time:  4.961 s
Finished at: 2022-03-24T15:23:42+07:00
------------------------------------------------------------------------
Failed to execute goal org.codehaus.mojo:exec-maven-plugin:3.0.0:exec (default-cli) on project ApKilometerperjam: Command execution failed.: Process exited with an error: 1 (Exit value: 1) -> [Help 1]

To see the full stack trace of the errors, re-run Maven with the -e switch.
Re-run Maven using the -X switch to enable full debug logging.

For more information about the errors and possible solutions, please read the following articles:
[Help 1] http://cwiki.apache.org/confluence/display/MAVEN/MojoExecutionException
